<?xml version="1.0" encoding="UTF-8"?>
<!-- Generated by org.testng.reporters.JUnitReportReporter -->
<testsuite hostname="admins-MacBook-Pro.local" failures="0" tests="1" name="cukes_runners.AllApiTestsRunner" time="3.335" errors="0" timestamp="11 Nov 2018 21:41:32 GMT" skipped="0">
  <testcase classname="cukes_runners.AllApiTestsRunner" name="feature" time="3.335"/>
</testsuite> <!-- cukes_runners.AllApiTestsRunner -->
