<?xml version="1.0" encoding="UTF-8"?>
<!-- Generated by org.testng.reporters.JUnitReportReporter -->
<testsuite hostname="admins-MacBook-Pro.local" failures="0" tests="1" name="rewards_retwork.cukes_runners.AllApiTestsRunner" time="0.037" errors="0" timestamp="10 Nov 2018 21:27:49 GMT" skipped="0">
  <testcase classname="rewards_retwork.cukes_runners.AllApiTestsRunner" name="feature" time="0.037"/>
</testsuite> <!-- rewards_retwork.cukes_runners.AllApiTestsRunner -->
